2021-05-19 14:19:51.495 [restartedMain] INFO  com.hxh.basic.project.BasicProjectApplication - Starting BasicProjectApplication on sz-30-chenjian383 with PID 44444 (D:\IdeaProjects\basic_project\target\classes started by CHENJIAN383 in D:\IdeaProjects\basic_project)
2021-05-19 14:19:51.500 [restartedMain] INFO  com.hxh.basic.project.BasicProjectApplication - The following profiles are active: dev
2021-05-19 14:19:51.556 [restartedMain] INFO  o.s.boot.devtools.restart.ChangeableUrls - The Class-Path manifest attribute in D:\Program Files\maven-repository\xalan\xalan\2.7.0\xalan-2.7.0.jar referenced one or more files that do not exist: file:/D:/Program%20Files/maven-repository/xalan/xalan/2.7.0/xercesImpl.jar,file:/D:/Program%20Files/maven-repository/xalan/xalan/2.7.0/xml-apis.jar,file:/D:/Program%20Files/maven-repository/xalan/xalan/2.7.0/serializer.jar
2021-05-19 14:19:51.556 [restartedMain] INFO  o.s.b.d.env.DevToolsPropertyDefaultsPostProcessor - Devtools property defaults active! Set 'spring.devtools.add-properties' to 'false' to disable
2021-05-19 14:19:51.556 [restartedMain] INFO  o.s.b.d.env.DevToolsPropertyDefaultsPostProcessor - For additional web related logging consider setting the 'logging.level.web' property to 'DEBUG'
2021-05-19 14:19:53.174 [restartedMain] INFO  o.s.boot.web.embedded.tomcat.TomcatWebServer - Tomcat initialized with port(s): 8080 (http)
2021-05-19 14:19:53.183 [restartedMain] INFO  org.apache.coyote.http11.Http11NioProtocol - Initializing ProtocolHandler ["http-nio-8080"]
2021-05-19 14:19:53.184 [restartedMain] INFO  org.apache.catalina.core.StandardService - Starting service [Tomcat]
2021-05-19 14:19:53.185 [restartedMain] INFO  org.apache.catalina.core.StandardEngine - Starting Servlet engine: [Apache Tomcat/9.0.31]
2021-05-19 14:19:53.296 [restartedMain] INFO  o.a.c.c.C.[Tomcat].[localhost].[/basic_project] - Initializing Spring embedded WebApplicationContext
2021-05-19 14:19:53.296 [restartedMain] INFO  org.springframework.web.context.ContextLoader - Root WebApplicationContext: initialization completed in 1739 ms
2021-05-19 14:19:53.496 [restartedMain] INFO  com.zaxxer.hikari.HikariDataSource - DatebookHikariCP - Starting...
2021-05-19 14:20:09.665 [restartedMain] INFO  org.apache.catalina.core.StandardService - Stopping service [Tomcat]
2021-05-19 14:20:09.685 [restartedMain] INFO  o.s.b.a.l.ConditionEvaluationReportLoggingListener - 

Error starting ApplicationContext. To display the conditions report re-run your application with 'debug' enabled.
2021-05-19 14:27:01.688 [restartedMain] INFO  com.hxh.basic.project.BasicProjectApplication - Starting BasicProjectApplication on sz-30-chenjian383 with PID 44164 (D:\IdeaProjects\basic_project\target\classes started by CHENJIAN383 in D:\IdeaProjects\basic_project)
2021-05-19 14:27:01.692 [restartedMain] INFO  com.hxh.basic.project.BasicProjectApplication - The following profiles are active: dev
2021-05-19 14:27:01.756 [restartedMain] INFO  o.s.boot.devtools.restart.ChangeableUrls - The Class-Path manifest attribute in D:\Program Files\maven-repository\xalan\xalan\2.7.0\xalan-2.7.0.jar referenced one or more files that do not exist: file:/D:/Program%20Files/maven-repository/xalan/xalan/2.7.0/xercesImpl.jar,file:/D:/Program%20Files/maven-repository/xalan/xalan/2.7.0/xml-apis.jar,file:/D:/Program%20Files/maven-repository/xalan/xalan/2.7.0/serializer.jar
2021-05-19 14:27:01.756 [restartedMain] INFO  o.s.b.d.env.DevToolsPropertyDefaultsPostProcessor - Devtools property defaults active! Set 'spring.devtools.add-properties' to 'false' to disable
2021-05-19 14:27:01.757 [restartedMain] INFO  o.s.b.d.env.DevToolsPropertyDefaultsPostProcessor - For additional web related logging consider setting the 'logging.level.web' property to 'DEBUG'
2021-05-19 14:27:03.648 [restartedMain] INFO  o.s.boot.web.embedded.tomcat.TomcatWebServer - Tomcat initialized with port(s): 8080 (http)
2021-05-19 14:27:03.658 [restartedMain] INFO  org.apache.coyote.http11.Http11NioProtocol - Initializing ProtocolHandler ["http-nio-8080"]
2021-05-19 14:27:03.659 [restartedMain] INFO  org.apache.catalina.core.StandardService - Starting service [Tomcat]
2021-05-19 14:27:03.660 [restartedMain] INFO  org.apache.catalina.core.StandardEngine - Starting Servlet engine: [Apache Tomcat/9.0.31]
2021-05-19 14:27:03.782 [restartedMain] INFO  o.a.c.c.C.[Tomcat].[localhost].[/basic_project] - Initializing Spring embedded WebApplicationContext
2021-05-19 14:27:03.783 [restartedMain] INFO  org.springframework.web.context.ContextLoader - Root WebApplicationContext: initialization completed in 2026 ms
2021-05-19 14:27:03.984 [restartedMain] INFO  com.zaxxer.hikari.HikariDataSource - DatebookHikariCP - Starting...
2021-05-19 14:27:04.320 [restartedMain] INFO  com.zaxxer.hikari.HikariDataSource - DatebookHikariCP - Start completed.
2021-05-19 14:27:04.974 [restartedMain] INFO  s.d.s.w.PropertySourcedRequestMappingHandlerMapping - Mapped URL path [/v2/api-docs] onto method [springfox.documentation.swagger2.web.Swagger2Controller#getDocumentation(String, HttpServletRequest)]
2021-05-19 14:27:05.084 [restartedMain] INFO  o.s.scheduling.concurrent.ThreadPoolTaskExecutor - Initializing ExecutorService 'applicationTaskExecutor'
2021-05-19 14:27:05.132 [restartedMain] INFO  o.s.b.d.autoconfigure.OptionalLiveReloadServer - LiveReload server is running on port 35729
2021-05-19 14:27:05.307 [restartedMain] INFO  s.d.s.web.plugins.DocumentationPluginsBootstrapper - Context refreshed
2021-05-19 14:27:05.329 [restartedMain] INFO  s.d.s.web.plugins.DocumentationPluginsBootstrapper - Found 1 custom documentation plugin(s)
2021-05-19 14:27:05.369 [restartedMain] INFO  s.d.spring.web.scanners.ApiListingReferenceScanner - Scanning for api listing references
2021-05-19 14:27:05.589 [restartedMain] INFO  org.apache.coyote.http11.Http11NioProtocol - Starting ProtocolHandler ["http-nio-8080"]
2021-05-19 14:27:05.615 [restartedMain] INFO  o.s.boot.web.embedded.tomcat.TomcatWebServer - Tomcat started on port(s): 8080 (http) with context path '/basic_project'
2021-05-19 14:27:05.618 [restartedMain] INFO  com.hxh.basic.project.BasicProjectApplication - Started BasicProjectApplication in 4.97 seconds (JVM running for 7.075)
2021-05-19 14:30:25.271 [SpringContextShutdownHook] INFO  o.s.scheduling.concurrent.ThreadPoolTaskExecutor - Shutting down ExecutorService 'applicationTaskExecutor'
2021-05-19 14:30:25.275 [SpringContextShutdownHook] INFO  com.zaxxer.hikari.HikariDataSource - DatebookHikariCP - Shutdown initiated...
2021-05-19 14:30:25.284 [SpringContextShutdownHook] INFO  com.zaxxer.hikari.HikariDataSource - DatebookHikariCP - Shutdown completed.
2021-05-19 14:30:33.090 [restartedMain] INFO  com.hxh.basic.project.BasicProjectApplication - Starting BasicProjectApplication on sz-30-chenjian383 with PID 42444 (D:\IdeaProjects\basic_project\target\classes started by CHENJIAN383 in D:\IdeaProjects\basic_project)
2021-05-19 14:30:33.094 [restartedMain] INFO  com.hxh.basic.project.BasicProjectApplication - The following profiles are active: dev
2021-05-19 14:30:33.156 [restartedMain] INFO  o.s.boot.devtools.restart.ChangeableUrls - The Class-Path manifest attribute in D:\Program Files\maven-repository\xalan\xalan\2.7.0\xalan-2.7.0.jar referenced one or more files that do not exist: file:/D:/Program%20Files/maven-repository/xalan/xalan/2.7.0/xercesImpl.jar,file:/D:/Program%20Files/maven-repository/xalan/xalan/2.7.0/xml-apis.jar,file:/D:/Program%20Files/maven-repository/xalan/xalan/2.7.0/serializer.jar
2021-05-19 14:30:33.157 [restartedMain] INFO  o.s.b.d.env.DevToolsPropertyDefaultsPostProcessor - Devtools property defaults active! Set 'spring.devtools.add-properties' to 'false' to disable
2021-05-19 14:30:33.157 [restartedMain] INFO  o.s.b.d.env.DevToolsPropertyDefaultsPostProcessor - For additional web related logging consider setting the 'logging.level.web' property to 'DEBUG'
2021-05-19 14:30:35.031 [restartedMain] INFO  o.s.boot.web.embedded.tomcat.TomcatWebServer - Tomcat initialized with port(s): 8080 (http)
2021-05-19 14:30:35.042 [restartedMain] INFO  org.apache.coyote.http11.Http11NioProtocol - Initializing ProtocolHandler ["http-nio-8080"]
2021-05-19 14:30:35.054 [restartedMain] INFO  org.apache.catalina.core.StandardService - Starting service [Tomcat]
2021-05-19 14:30:35.054 [restartedMain] INFO  org.apache.catalina.core.StandardEngine - Starting Servlet engine: [Apache Tomcat/9.0.31]
2021-05-19 14:30:35.197 [restartedMain] INFO  o.a.c.c.C.[Tomcat].[localhost].[/basic_project] - Initializing Spring embedded WebApplicationContext
2021-05-19 14:30:35.197 [restartedMain] INFO  org.springframework.web.context.ContextLoader - Root WebApplicationContext: initialization completed in 2040 ms
2021-05-19 14:30:35.440 [restartedMain] INFO  com.zaxxer.hikari.HikariDataSource - DatebookHikariCP - Starting...
2021-05-19 14:30:35.764 [restartedMain] INFO  com.zaxxer.hikari.HikariDataSource - DatebookHikariCP - Start completed.
2021-05-19 14:30:36.421 [restartedMain] INFO  s.d.s.w.PropertySourcedRequestMappingHandlerMapping - Mapped URL path [/v2/api-docs] onto method [springfox.documentation.swagger2.web.Swagger2Controller#getDocumentation(String, HttpServletRequest)]
2021-05-19 14:30:36.537 [restartedMain] INFO  o.s.scheduling.concurrent.ThreadPoolTaskExecutor - Initializing ExecutorService 'applicationTaskExecutor'
2021-05-19 14:30:36.586 [restartedMain] INFO  o.s.b.d.autoconfigure.OptionalLiveReloadServer - LiveReload server is running on port 35729
2021-05-19 14:30:36.768 [restartedMain] INFO  s.d.s.web.plugins.DocumentationPluginsBootstrapper - Context refreshed
2021-05-19 14:30:36.788 [restartedMain] INFO  s.d.s.web.plugins.DocumentationPluginsBootstrapper - Found 1 custom documentation plugin(s)
2021-05-19 14:30:36.839 [restartedMain] INFO  s.d.spring.web.scanners.ApiListingReferenceScanner - Scanning for api listing references
2021-05-19 14:30:37.065 [restartedMain] INFO  org.apache.coyote.http11.Http11NioProtocol - Starting ProtocolHandler ["http-nio-8080"]
2021-05-19 14:30:37.118 [restartedMain] INFO  o.s.boot.web.embedded.tomcat.TomcatWebServer - Tomcat started on port(s): 8080 (http) with context path '/basic_project'
2021-05-19 14:30:37.122 [restartedMain] INFO  com.hxh.basic.project.BasicProjectApplication - Started BasicProjectApplication in 5.157 seconds (JVM running for 7.463)
